<?xml version="1.0" encoding="UTF-8"?>
<!-- Generated by org.testng.reporters.JUnitReportReporter -->
<testsuite hostname="santhosh-PC" name="scripts.compose" tests="1" failures="0" timestamp="22 Feb 2017 11:50:57 GMT" time="11.210" errors="0">
  <testcase name="execomp" time="11.210" classname="scripts.compose"/>
</testsuite> <!-- scripts.compose -->
