<?xml version="1.0" encoding="UTF-8"?>
<!-- Generated by org.testng.reporters.JUnitReportReporter -->
<testsuite hostname="santhosh-PC" name="scripts.Testng" tests="1" failures="0" timestamp="22 Feb 2017 12:21:38 GMT" time="23.602" errors="0">
  <testcase name="OpenGoogle" time="23.602" classname="scripts.Testng"/>
</testsuite> <!-- scripts.Testng -->
