<?xml version="1.0" encoding="UTF-8"?>
<!-- Generated by org.testng.reporters.JUnitReportReporter -->
<testsuite hostname="santhosh-PC" name="scripts.title" tests="1" failures="0" timestamp="22 Feb 2017 11:50:57 GMT" time="1.384" errors="0">
  <testcase name="tit" time="1.384" classname="scripts.title"/>
</testsuite> <!-- scripts.title -->
