<?xml version="1.0" encoding="UTF-8"?>
<!-- Generated by org.testng.reporters.JUnitReportReporter -->
<testsuite hostname="santhosh-PC" name="scripts.NG" tests="4" failures="0" timestamp="22 Feb 2017 12:16:43 GMT" time="78.295" errors="0">
  <testcase name="Login" time="20.545" classname="scripts.NG"/>
  <testcase name="Google" time="16.801" classname="scripts.NG"/>
  <testcase name="Login" time="20.482" classname="scripts.NG"/>
  <testcase name="Login" time="20.467" classname="scripts.NG"/>
</testsuite> <!-- scripts.NG -->
