<?xml version="1.0" encoding="UTF-8"?>
<!-- Generated by org.testng.reporters.JUnitReportReporter -->
<testsuite hostname="santhosh-PC" name="scripts.Grid10" tests="2" failures="0" timestamp="10 Apr 2017 08:31:22 GMT" time="56.796" errors="0">
  <testcase name="Grid" time="26.601" classname="scripts.Grid10"/>
  <testcase name="Grid" time="30.195" classname="scripts.Grid10"/>
</testsuite> <!-- scripts.Grid10 -->
