<?xml version="1.0" encoding="UTF-8"?>
<!-- Generated by org.testng.reporters.JUnitReportReporter -->
<testsuite hostname="santhosh-PC" name="scripts.GMexe" tests="1" failures="0" timestamp="4 Apr 2017 15:08:41 GMT" time="41.418" errors="0">
  <testcase name="Google" time="41.418" classname="scripts.GMexe"/>
</testsuite> <!-- scripts.GMexe -->
